Session Instantiated ~ 2020-11-08 10:22:00.285775 (CDT).
Successfully loaded update.py extension from surviv folder.
Successfully loaded gun.py extension from surviv folder.
Successfully loaded melee.py extension from surviv folder.
Successfully loaded player.py extension from surviv folder.
Successfully loaded help.py extension from surviv folder.
Successfully loaded info.py extension from surviv folder.
Successfully loaded twitch.py extension from surviv folder.
Encountered Error: Could not load Cog.
100 Commands Executed in Session.
Session Lasted for 7.
Closing Session ...
Session Terminated ~ 2020-11-08 10:22:00.323008 (CDT).
==========
Session Instantiated ~ 2020-11-08 10:22:45.331400 (CDT).
Successfully loaded update.py extension from surviv folder.
Successfully loaded gun.py extension from surviv folder.
Successfully loaded melee.py extension from surviv folder.
Successfully loaded player.py extension from surviv folder.
Successfully loaded help.py extension from surviv folder.
Successfully loaded info.py extension from surviv folder.
Successfully loaded twitch.py extension from surviv folder.
Encountered Error: Could not load Cog.
100 Commands Executed in Session.
Session Lasted for 7.
Closing Session ...
Session Terminated ~ 2020-11-08 10:22:45.371080 (CDT).
==========
Session Instantiated ~ 2020-11-08 10:23:20.336959 (CDT).
Successfully loaded update.py extension from surviv folder.
Successfully loaded gun.py extension from surviv folder.
Successfully loaded melee.py extension from surviv folder.
Successfully loaded player.py extension from surviv folder.
Successfully loaded help.py extension from surviv folder.
Successfully loaded info.py extension from surviv folder.
Successfully loaded twitch.py extension from surviv folder.
Encountered Error: Could not load Cog.
100 Commands Executed in Session.
Session Lasted for 7.
Closing Session ...
Session Terminated ~ 2020-11-08 10:23:20.370357 (CDT).
==========
Session Instantiated ~ 2020-11-08 10:23:38.884643 (CDT).
Successfully loaded update.py extension from surviv folder.
Successfully loaded gun.py extension from surviv folder.
Successfully loaded melee.py extension from surviv folder.
Successfully loaded player.py extension from surviv folder.
Successfully loaded help.py extension from surviv folder.
Successfully loaded info.py extension from surviv folder.
Successfully loaded twitch.py extension from surviv folder.
Successfully loaded link_gen.py extension from surviv folder.
Not loading match.py cog from surviv folder.
Not loading  *NeoTree* cog from krunker folder.
Not loading player.py cog from krunker folder.
Not loading clan.py cog from krunker folder.
Using Token: NzQyNTE4NDk1MDIzMDcxNDAy.XzHSPA.QyGftfit-z-j1WgAFkzsaYmYOmc.
Successfully loaded Surviv Update Cog.
Successfully loaded Surviv Gun Cog.
Successfully loaded Surviv Melee Cog.
Successfully loaded Surviv Player Cog.
Successfully loaded Surviv Help Cog.
Successfully loaded Surviv Description Cog.
Successfully loaded Surviv Twitch Cog.
Successfully loaded Surviv Link Generator Cog.
Finished Routine Scrape.
Session Instantiated ~ 2020-11-19 11:00:10.922566 (Eastern Daylight Time).
Not loading clan.py cog from krunker folder.
Not loading player.py cog from krunker folder.
Successfully loaded gun.py extension from surviv folder.
Successfully loaded help.py extension from surviv folder.
Successfully loaded info.py extension from surviv folder.
Successfully loaded link_gen.py extension from surviv folder.
Not loading match.py cog from surviv folder.
Successfully loaded melee.py extension from surviv folder.
Successfully loaded player.py extension from surviv folder.
Successfully loaded twitch.py extension from surviv folder.
Successfully loaded update.py extension from surviv folder.
Using Token: NzQyNTE4NDk1MDIzMDcxNDAy.XzHSPA.QyGftfit-z-j1WgAFkzsaYmYOmc.
Successfully loaded Surviv Gun Cog.
Successfully loaded Surviv Help Cog.
Successfully loaded Surviv Description Cog.
Successfully loaded Surviv Link Generator Cog.
Successfully loaded Surviv Melee Cog.
Successfully loaded Surviv Player Cog.
Successfully loaded Surviv Twitch Cog.
Successfully loaded Surviv Update Cog.
Finished Routine Scrape.
Session Instantiated ~ 2020-11-19 11:13:17.409487 (Eastern Daylight Time).
Not loading clan.py cog from krunker folder.
Not loading player.py cog from krunker folder.
Successfully loaded gun.py extension from surviv folder.
Successfully loaded help.py extension from surviv folder.
Successfully loaded info.py extension from surviv folder.
Successfully loaded link_gen.py extension from surviv folder.
Not loading match.py cog from surviv folder.
Successfully loaded melee.py extension from surviv folder.
Successfully loaded player.py extension from surviv folder.
Successfully loaded twitch.py extension from surviv folder.
Successfully loaded update.py extension from surviv folder.
Using Token: NzQyNTE4NDk1MDIzMDcxNDAy.XzHSPA.QyGftfit-z-j1WgAFkzsaYmYOmc.
Session Instantiated ~ 2020-11-19 11:15:51.095112 (Eastern Daylight Time).
Not loading clan.py cog from krunker folder.
Not loading player.py cog from krunker folder.
Successfully loaded gun.py extension from surviv folder.
Successfully loaded help.py extension from surviv folder.
Successfully loaded info.py extension from surviv folder.
Successfully loaded link_gen.py extension from surviv folder.
Not loading match.py cog from surviv folder.
Successfully loaded melee.py extension from surviv folder.
Successfully loaded player.py extension from surviv folder.
Successfully loaded twitch.py extension from surviv folder.
Successfully loaded update.py extension from surviv folder.
Using Token: NjU1NTQxODcxMDA2ODQyODkx.XfVm8Q._L-Cj736zniWX2YM0rQA-Q6Mg3A.
Successfully loaded Surviv Gun Cog.
Successfully loaded Surviv Help Cog.
Successfully loaded Surviv Description Cog.
Successfully loaded Surviv Link Generator Cog.
Successfully loaded Surviv Melee Cog.
Successfully loaded Surviv Player Cog.
Successfully loaded Surviv Twitch Cog.
Successfully loaded Surviv Update Cog.
Finished Routine Scrape.
