Session Instantiated ~ 2020-11-08 10:22:00.285775 (CDT).
Session Terminated ~ 2020-11-08 10:22:00.323008 (CDT).
==========
Session Instantiated ~ 2020-11-08 10:22:45.331400 (CDT).
Session Terminated ~ 2020-11-08 10:22:45.371080 (CDT).
==========
Session Instantiated ~ 2020-11-08 10:23:20.336959 (CDT).
Session Terminated ~ 2020-11-08 10:23:20.370357 (CDT).
==========
Session Instantiated ~ 2020-11-08 10:23:38.884643 (CDT).
AaravM4#9558 ran Surviv Help Command successfully.
AaravM4#9558 ran Surviv Melee Command successfully.
AaravM4#9558 ran Surviv Melee Command successfully.
ItzDrWaffle#9376 ran Surviv Melee Command successfully.
AaravM4#9558 ran Surviv Help Command successfully.
AaravM4#9558 ran Surviv Gun Command successfully.
AaravM4#9558 ran Surviv Twitch Command successfully.
AaravM4#9558 ran Surviv Help Command successfully.
AaravM4#9558 ran Surviv Update Command successfully.
AaravM4#9558 ran Surviv Link Generator Command successfully.
Session Instantiated ~ 2020-11-19 11:00:10.922566 (Eastern Daylight Time).
ItzDrWaffle#9376 ran Surviv Help Command successfully.
ItzDrWaffle#9376 ran Surviv Update Command successfully.
Session Instantiated ~ 2020-11-19 11:13:17.409487 (Eastern Daylight Time).
Session Instantiated ~ 2020-11-19 11:15:51.095112 (Eastern Daylight Time).
ItzDrWaffle#9376 ran Surviv Help Command successfully.
ItzDrWaffle#9376 ran Surviv Gun Command successfully.
ItzDrWaffle#9376 ran Surviv Gun Command successfully.
ItzDrWaffle#9376 ran Surviv Gun Command successfully.
ItzDrWaffle#9376 ran Surviv Gun Command successfully.
